2025-10-04 18:59:50,548 - INFO - Game initialized successfully
2025-10-04 18:59:50,548 - INFO - Starting game loop
2025-10-04 19:00:10,696 - INFO - Game loop ended
2025-10-04 19:00:10,730 - INFO - Pygame quit successfully
2025-10-04 19:02:29,512 - INFO - Matrix game initialized successfully
2025-10-04 19:02:29,512 - INFO - Starting Matrix game loop
2025-10-04 19:02:45,647 - INFO - Matrix game loop ended
2025-10-04 19:02:45,676 - INFO - Pygame quit successfully
2025-10-04 19:05:12,755 - INFO - Matrix game initialized successfully
2025-10-04 19:05:12,756 - INFO - Starting Matrix game loop
2025-10-04 19:05:32,863 - INFO - Matrix game loop ended
2025-10-04 19:05:32,896 - INFO - Pygame quit successfully
2025-10-04 19:07:56,334 - INFO - Matrix game initialized successfully
2025-10-04 19:07:56,334 - INFO - Starting Matrix game loop
2025-10-04 19:08:22,342 - INFO - Game reset by player
2025-10-04 19:08:23,780 - INFO - Game reset by player
2025-10-04 19:08:24,970 - INFO - Game reset by player
2025-10-04 19:08:25,211 - INFO - Game reset by player
2025-10-04 19:08:25,453 - INFO - Game reset by player
2025-10-04 19:08:25,680 - INFO - Game reset by player
2025-10-04 19:08:25,824 - INFO - Game reset by player
2025-10-04 19:08:39,358 - INFO - Matrix game loop ended
2025-10-04 19:08:39,395 - INFO - Pygame quit successfully
